17:24:47.478 [localhost-startStop-1] DEBUG com.mawujun.controller.spring.SpringContextHolder - ×¢ÈëApplicationContextµ½SpringContextHolder:null
17:28:26.254 [localhost-startStop-1] DEBUG com.mawujun.controller.spring.SpringContextHolder - ×¢ÈëApplicationContextµ½SpringContextHolder:null
17:29:56.824 [localhost-startStop-1] DEBUG com.mawujun.controller.spring.SpringContextHolder - ×¢ÈëApplicationContextµ½SpringContextHolder:null
19:59:21.186 [localhost-startStop-1] DEBUG com.mawujun.controller.spring.SpringContextHolder - æ³¨å…¥ApplicationContextåˆ°SpringContextHolder:null
20:01:06.818 [localhost-startStop-2] DEBUG com.mawujun.controller.spring.SpringContextHolder - æ¸…é™¤SpringContextHolderä¸­çš„ApplicationContext:WebApplicationContext for namespace 'dispatcher-servlet': startup date [Mon Apr 11 19:59:18 CST 2016]; root of context hierarchy
20:01:42.233 [localhost-startStop-1] DEBUG com.mawujun.controller.spring.SpringContextHolder - æ³¨å…¥ApplicationContextåˆ°SpringContextHolder:null
20:04:49.734 [localhost-startStop-2] DEBUG com.mawujun.controller.spring.SpringContextHolder - æ¸…é™¤SpringContextHolderä¸­çš„ApplicationContext:WebApplicationContext for namespace 'dispatcher-servlet': startup date [Mon Apr 11 20:01:39 CST 2016]; root of context hierarchy
20:04:59.385 [localhost-startStop-1] DEBUG com.mawujun.config.DispatcherServletInitializer - No ContextLoaderListener registered, as createRootApplicationContext() did not return an application context
20:05:02.388 [localhost-startStop-1] DEBUG com.mawujun.controller.spring.SpringContextHolder - æ³¨å…¥ApplicationContextåˆ°SpringContextHolder:null
20:05:02.690 [localhost-startStop-1] DEBUG com.mawujun.controller.spring.SpringContextHolder - æ¸…é™¤SpringContextHolderä¸­çš„ApplicationContext:WebApplicationContext for namespace 'dispatcher-servlet': startup date [Mon Apr 11 20:04:59 CST 2016]; root of context hierarchy
20:06:36.942 [localhost-startStop-1] DEBUG com.mawujun.config.DispatcherServletInitializer - No ContextLoaderListener registered, as createRootApplicationContext() did not return an application context
20:08:00.445 [localhost-startStop-1] DEBUG com.mawujun.config.DispatcherServletInitializer - No ContextLoaderListener registered, as createRootApplicationContext() did not return an application context
20:10:00.988 [localhost-startStop-1] DEBUG com.mawujun.config.DispatcherServletInitializer - No ContextLoaderListener registered, as createRootApplicationContext() did not return an application context
20:10:04.075 [localhost-startStop-1] DEBUG com.mawujun.controller.spring.SpringContextHolder - æ³¨å…¥ApplicationContextåˆ°SpringContextHolder:null
20:15:25.889 [localhost-startStop-2] DEBUG com.mawujun.controller.spring.SpringContextHolder - æ¸…é™¤SpringContextHolderä¸­çš„ApplicationContext:WebApplicationContext for namespace 'dispatcher-servlet': startup date [Mon Apr 11 20:10:01 CST 2016]; root of context hierarchy
20:15:35.846 [localhost-startStop-1] DEBUG com.mawujun.config.DispatcherServletInitializer - No ContextLoaderListener registered, as createRootApplicationContext() did not return an application context
20:15:39.306 [localhost-startStop-1] DEBUG com.mawujun.controller.spring.SpringContextHolder - æ³¨å…¥ApplicationContextåˆ°SpringContextHolder:null
20:18:26.546 [localhost-startStop-2] DEBUG com.mawujun.controller.spring.SpringContextHolder - æ¸…é™¤SpringContextHolderä¸­çš„ApplicationContext:WebApplicationContext for namespace 'dispatcher-servlet': startup date [Mon Apr 11 20:15:36 CST 2016]; root of context hierarchy
20:18:43.206 [localhost-startStop-1] DEBUG com.mawujun.config.DispatcherServletInitializer - No ContextLoaderListener registered, as createRootApplicationContext() did not return an application context
20:18:49.980 [localhost-startStop-1] DEBUG com.mawujun.controller.spring.SpringContextHolder - æ³¨å…¥ApplicationContextåˆ°SpringContextHolder:null
08:16:48.685 [main] INFO  com.mawujun.utils.file.FileUtils - fileç±»åž‹çš„æ‰«æ
08:16:48.737 [main] INFO  com.mawujun.utils.file.FileUtils - com.mawujun.config.DispatcherServletInitializer
08:16:48.766 [main] INFO  com.mawujun.utils.file.FileUtils - com.mawujun.config.MvcConfig
08:16:48.784 [main] INFO  com.mawujun.utils.file.FileUtils - com.mawujun.config.RepositoryConfig
08:16:48.788 [main] INFO  com.mawujun.utils.file.FileUtils - com.mawujun.config.ShiroConfig
08:16:48.799 [main] INFO  com.mawujun.utils.file.FileUtils - com.mawujun.config.ShiroWebApplicationInitializer
08:16:48.801 [main] INFO  com.mawujun.utils.file.FileUtils - ============================æ‰¾åˆ°å®žä½“ç±»:com.mawujun.customer.continent.Continent
08:16:48.801 [main] INFO  com.mawujun.utils.file.FileUtils - com.mawujun.customer.continent.Continent
08:16:48.803 [main] INFO  com.mawujun.utils.file.FileUtils - com.mawujun.customer.continent.ContinentController
08:16:48.805 [main] INFO  com.mawujun.utils.file.FileUtils - com.mawujun.customer.continent.ContinentRepository
08:16:48.811 [main] INFO  com.mawujun.utils.file.FileUtils - com.mawujun.customer.continent.ContinentService
08:16:48.811 [main] INFO  com.mawujun.utils.file.FileUtils - ============================æ‰¾åˆ°å®žä½“ç±»:com.mawujun.customer.continent.Country
08:16:48.811 [main] INFO  com.mawujun.utils.file.FileUtils - com.mawujun.customer.continent.Country
08:16:48.812 [main] INFO  com.mawujun.utils.file.FileUtils - com.mawujun.customer.continent.CountryController
08:16:48.812 [main] INFO  com.mawujun.utils.file.FileUtils - com.mawujun.customer.continent.CountryRepository
08:16:48.812 [main] INFO  com.mawujun.utils.file.FileUtils - com.mawujun.customer.continent.CountryService
08:16:48.827 [main] INFO  com.mawujun.utils.file.FileUtils - ============================æ‰¾åˆ°å®žä½“ç±»:com.mawujun.customer.Customer
08:16:48.827 [main] INFO  com.mawujun.utils.file.FileUtils - com.mawujun.customer.Customer
08:16:48.828 [main] INFO  com.mawujun.utils.file.FileUtils - com.mawujun.generator.GeneratorCode
08:16:48.828 [main] INFO  com.mawujun.utils.file.FileUtils - com.mawujun.generator.GeneratorM
08:16:48.843 [main] INFO  com.mawujun.utils.file.FileUtils - com.mawujun.org.Chancl
08:16:48.843 [main] INFO  com.mawujun.utils.file.FileUtils - com.mawujun.org.Dim
08:16:48.844 [main] INFO  com.mawujun.utils.file.FileUtils - com.mawujun.org.NodeVO
08:16:48.846 [main] INFO  com.mawujun.utils.file.FileUtils - ============================æ‰¾åˆ°å®žä½“ç±»:com.mawujun.org.Org
08:16:48.846 [main] INFO  com.mawujun.utils.file.FileUtils - com.mawujun.org.Org
08:16:48.847 [main] INFO  com.mawujun.utils.file.FileUtils - com.mawujun.org.OrgController
08:16:48.848 [main] INFO  com.mawujun.utils.file.FileUtils - ============================æ‰¾åˆ°å®žä½“ç±»:com.mawujun.org.OrgOrg
08:16:48.848 [main] INFO  com.mawujun.utils.file.FileUtils - com.mawujun.org.OrgOrg
08:16:48.848 [main] INFO  com.mawujun.utils.file.FileUtils - com.mawujun.org.OrgRepository
08:16:48.849 [main] INFO  com.mawujun.utils.file.FileUtils - com.mawujun.org.OrgService
08:16:48.849 [main] INFO  com.mawujun.utils.file.FileUtils - com.mawujun.org.Orgst
08:16:48.870 [main] INFO  com.mawujun.utils.file.FileUtils - com.mawujun.org.Orgty
08:16:48.895 [main] INFO  com.mawujun.utils.file.FileUtils - ============================æ‰¾åˆ°å®žä½“ç±»:com.mawujun.org.Position
08:16:48.895 [main] INFO  com.mawujun.utils.file.FileUtils - com.mawujun.org.Position
08:16:48.896 [main] INFO  com.mawujun.utils.file.FileUtils - com.mawujun.org.PositionController
08:16:48.897 [main] INFO  com.mawujun.utils.file.FileUtils - ============================æ‰¾åˆ°å®žä½“ç±»:com.mawujun.org.PositionOrgUser
08:16:48.897 [main] INFO  com.mawujun.utils.file.FileUtils - com.mawujun.org.PositionOrgUser
08:16:48.897 [main] INFO  com.mawujun.utils.file.FileUtils - com.mawujun.org.PositionOrgUserRepository
08:16:48.898 [main] INFO  com.mawujun.utils.file.FileUtils - com.mawujun.org.PositionRepository
08:16:48.899 [main] INFO  com.mawujun.utils.file.FileUtils - com.mawujun.org.PositionService
08:16:48.900 [main] INFO  com.mawujun.utils.file.FileUtils - ============================æ‰¾åˆ°å®žä½“ç±»:com.mawujun.permission.Menu
08:16:48.900 [main] INFO  com.mawujun.utils.file.FileUtils - com.mawujun.permission.Menu
08:16:48.900 [main] INFO  com.mawujun.utils.file.FileUtils - com.mawujun.permission.MenuController
08:16:48.901 [main] INFO  com.mawujun.utils.file.FileUtils - com.mawujun.permission.MenuRepository
08:16:48.901 [main] INFO  com.mawujun.utils.file.FileUtils - com.mawujun.permission.MenuService
08:16:48.903 [main] INFO  com.mawujun.utils.file.FileUtils - com.mawujun.permission.MenuType
08:16:48.903 [main] INFO  com.mawujun.utils.file.FileUtils - com.mawujun.permission.MenuVO
08:16:48.903 [main] INFO  com.mawujun.utils.file.FileUtils - ============================æ‰¾åˆ°å®žä½“ç±»:com.mawujun.permission.Role
08:16:48.903 [main] INFO  com.mawujun.utils.file.FileUtils - com.mawujun.permission.Role
08:16:48.904 [main] INFO  com.mawujun.utils.file.FileUtils - com.mawujun.permission.RoleController
08:16:48.904 [main] INFO  com.mawujun.utils.file.FileUtils - ============================æ‰¾åˆ°å®žä½“ç±»:com.mawujun.permission.RoleMenu
08:16:48.904 [main] INFO  com.mawujun.utils.file.FileUtils - com.mawujun.permission.RoleMenu
08:16:48.905 [main] INFO  com.mawujun.utils.file.FileUtils - com.mawujun.permission.RoleMenuRepository
08:16:48.905 [main] INFO  com.mawujun.utils.file.FileUtils - com.mawujun.permission.RoleRepository
08:16:48.906 [main] INFO  com.mawujun.utils.file.FileUtils - com.mawujun.permission.RoleService
08:16:48.952 [main] INFO  com.mawujun.utils.file.FileUtils - com.mawujun.permission.RoleType
08:16:48.953 [main] INFO  com.mawujun.utils.file.FileUtils - ============================æ‰¾åˆ°å®žä½“ç±»:com.mawujun.permission.RoleUser
08:16:48.953 [main] INFO  com.mawujun.utils.file.FileUtils - com.mawujun.permission.RoleUser
08:16:48.954 [main] INFO  com.mawujun.utils.file.FileUtils - com.mawujun.permission.RoleUserRepository
08:16:48.955 [main] INFO  com.mawujun.utils.file.FileUtils - com.mawujun.permission.ShiroApplicationListener
08:16:48.960 [main] INFO  com.mawujun.utils.file.FileUtils - com.mawujun.permission.ShiroAuthorizingRealm
08:16:48.961 [main] INFO  com.mawujun.utils.file.FileUtils - com.mawujun.permission.ShiroUtils
08:16:48.973 [main] INFO  com.mawujun.utils.file.FileUtils - ============================æ‰¾åˆ°å®žä½“ç±»:com.mawujun.permission.User
08:16:48.973 [main] INFO  com.mawujun.utils.file.FileUtils - com.mawujun.permission.User
08:16:48.984 [main] INFO  com.mawujun.utils.file.FileUtils - com.mawujun.permission.UserController
08:16:48.985 [main] INFO  com.mawujun.utils.file.FileUtils - com.mawujun.permission.UserRepository
08:16:48.986 [main] INFO  com.mawujun.utils.file.FileUtils - com.mawujun.permission.UserService
08:16:48.986 [main] INFO  com.mawujun.utils.file.FileUtils - com.mawujun.permission.UserVO
08:16:48.987 [main] INFO  com.mawujun.utils.file.FileUtils - com.mawujun.utils.M$Menu
08:16:48.993 [main] INFO  com.mawujun.utils.file.FileUtils - com.mawujun.utils.M$Ordmt
08:16:48.994 [main] INFO  com.mawujun.utils.file.FileUtils - com.mawujun.utils.M$OrdmtScde
08:16:48.994 [main] INFO  com.mawujun.utils.file.FileUtils - com.mawujun.utils.M$OrdmtSeason
08:16:48.994 [main] INFO  com.mawujun.utils.file.FileUtils - com.mawujun.utils.M$Org
08:16:48.995 [main] INFO  com.mawujun.utils.file.FileUtils - com.mawujun.utils.M$OrgOrg$child
08:16:48.995 [main] INFO  com.mawujun.utils.file.FileUtils - com.mawujun.utils.M$OrgOrg$parent
08:16:48.996 [main] INFO  com.mawujun.utils.file.FileUtils - com.mawujun.utils.M$OrgOrg
08:16:48.996 [main] INFO  com.mawujun.utils.file.FileUtils - com.mawujun.utils.M$Position
08:16:48.997 [main] INFO  com.mawujun.utils.file.FileUtils - com.mawujun.utils.M$PositionOrgUser$org
08:16:48.997 [main] INFO  com.mawujun.utils.file.FileUtils - com.mawujun.utils.M$PositionOrgUser$position
08:16:48.998 [main] INFO  com.mawujun.utils.file.FileUtils - com.mawujun.utils.M$PositionOrgUser$user
08:16:48.998 [main] INFO  com.mawujun.utils.file.FileUtils - com.mawujun.utils.M$PositionOrgUser
08:16:48.999 [main] INFO  com.mawujun.utils.file.FileUtils - com.mawujun.utils.M$PubCode
08:16:48.999 [main] INFO  com.mawujun.utils.file.FileUtils - com.mawujun.utils.M$PubCodeType
08:16:49.000 [main] INFO  com.mawujun.utils.file.FileUtils - com.mawujun.utils.M$Role
08:16:49.001 [main] INFO  com.mawujun.utils.file.FileUtils - com.mawujun.utils.M$RoleMenu$menu
08:16:49.001 [main] INFO  com.mawujun.utils.file.FileUtils - com.mawujun.utils.M$RoleMenu$role
08:16:49.001 [main] INFO  com.mawujun.utils.file.FileUtils - com.mawujun.utils.M$RoleMenu
08:16:49.002 [main] INFO  com.mawujun.utils.file.FileUtils - com.mawujun.utils.M$RoleUser$role
08:16:49.003 [main] INFO  com.mawujun.utils.file.FileUtils - com.mawujun.utils.M$RoleUser$user
08:16:49.003 [main] INFO  com.mawujun.utils.file.FileUtils - com.mawujun.utils.M$RoleUser
08:16:49.003 [main] INFO  com.mawujun.utils.file.FileUtils - com.mawujun.utils.M$User
08:16:49.004 [main] INFO  com.mawujun.utils.file.FileUtils - com.mawujun.utils.M
08:16:49.004 [main] INFO  com.mawujun.utils.file.FileUtils - com.mawujun.utils.UUID
08:16:49.004 [main] INFO  com.mawujun.utils.file.FileUtils - fileç±»åž‹çš„æ‰«æ
08:16:49.005 [main] INFO  com.mawujun.utils.file.FileUtils - com.mawujun.leon_repository.App
08:16:49.016 [main] INFO  com.mawujun.utils.file.FileUtils - com.mawujun.repository.cnd.AbstractSqlExpression
08:16:49.017 [main] INFO  com.mawujun.utils.file.FileUtils - com.mawujun.repository.cnd.Cnd
08:16:49.019 [main] INFO  com.mawujun.utils.file.FileUtils - com.mawujun.repository.cnd.Exps
08:16:49.027 [main] INFO  com.mawujun.utils.file.FileUtils - com.mawujun.repository.cnd.InsertItems
08:16:49.043 [main] INFO  com.mawujun.utils.file.FileUtils - com.mawujun.repository.cnd.IntRange
08:16:49.052 [main] INFO  com.mawujun.utils.file.FileUtils - com.mawujun.repository.cnd.IsNull
08:16:49.053 [main] INFO  com.mawujun.utils.file.FileUtils - com.mawujun.repository.cnd.Like
08:16:49.053 [main] INFO  com.mawujun.utils.file.FileUtils - com.mawujun.repository.cnd.LongRange
08:16:49.054 [main] INFO  com.mawujun.utils.file.FileUtils - com.mawujun.repository.cnd.NameRange
08:16:49.054 [main] INFO  com.mawujun.utils.file.FileUtils - com.mawujun.repository.cnd.NoParamsSqlExpression
08:16:49.054 [main] INFO  com.mawujun.utils.file.FileUtils - com.mawujun.repository.cnd.NumberRange
08:16:49.055 [main] INFO  com.mawujun.utils.file.FileUtils - com.mawujun.repository.cnd.OrderBy
08:16:49.056 [main] INFO  com.mawujun.utils.file.FileUtils - com.mawujun.repository.cnd.OrderByItem
08:16:49.056 [main] INFO  com.mawujun.utils.file.FileUtils - com.mawujun.repository.cnd.OrderBySet
08:16:49.056 [main] INFO  com.mawujun.utils.file.FileUtils - com.mawujun.repository.cnd.PItem
08:16:49.081 [main] INFO  com.mawujun.utils.file.FileUtils - com.mawujun.repository.cnd.SelectAggreFun
08:16:49.082 [main] INFO  com.mawujun.utils.file.FileUtils - com.mawujun.repository.cnd.SelectItems
08:16:49.083 [main] INFO  com.mawujun.utils.file.FileUtils - com.mawujun.repository.cnd.SimpleExpression
08:16:49.083 [main] INFO  com.mawujun.utils.file.FileUtils - com.mawujun.repository.cnd.SqlExpression
08:16:49.084 [main] INFO  com.mawujun.utils.file.FileUtils - com.mawujun.repository.cnd.SqlExpressionGroup
08:16:49.085 [main] INFO  com.mawujun.utils.file.FileUtils - com.mawujun.repository.cnd.SqlRange
08:16:49.085 [main] INFO  com.mawujun.utils.file.FileUtils - com.mawujun.repository.cnd.SqlType
08:16:49.086 [main] INFO  com.mawujun.utils.file.FileUtils - com.mawujun.repository.cnd.Static
08:16:49.087 [main] INFO  com.mawujun.utils.file.FileUtils - com.mawujun.repository.cnd.UpdateItems
08:16:49.102 [main] INFO  com.mawujun.utils.file.FileUtils - com.mawujun.repository.DialectEnum
08:16:49.117 [main] INFO  com.mawujun.utils.file.FileUtils - com.mawujun.repository.hibernate.HibernateDao
08:16:49.127 [main] INFO  com.mawujun.utils.file.FileUtils - com.mawujun.repository.hibernate.HibernateUtils
08:16:49.127 [main] INFO  com.mawujun.utils.file.FileUtils - com.mawujun.repository.hibernate.IHibernateDao
08:16:49.171 [main] INFO  com.mawujun.utils.file.FileUtils - com.mawujun.repository.hibernate.MyH2Dialect
08:16:49.180 [main] INFO  com.mawujun.utils.file.FileUtils - com.mawujun.repository.hibernate.NamingStrategy
08:16:49.181 [main] INFO  com.mawujun.utils.file.FileUtils - com.mawujun.repository.hibernate.schemaExport.HibernateDDLGenerator
08:16:49.182 [main] INFO  com.mawujun.utils.file.FileUtils - com.mawujun.repository.hibernate.schemaExport.SchemaExportApp
08:16:49.184 [main] INFO  com.mawujun.utils.file.FileUtils - com.mawujun.repository.hibernate.validate.ValidateEntity
08:16:49.184 [main] INFO  com.mawujun.utils.file.FileUtils - com.mawujun.repository.hibernate.validate.ValidatorUtils
08:16:49.204 [main] INFO  com.mawujun.utils.file.FileUtils - com.mawujun.repository.idEntity.AutoIdEntity
08:16:49.205 [main] INFO  com.mawujun.utils.file.FileUtils - com.mawujun.repository.idEntity.GUIDEntity
08:16:49.206 [main] INFO  com.mawujun.utils.file.FileUtils - com.mawujun.repository.idEntity.GUIDValidateEntity
08:16:49.206 [main] INFO  com.mawujun.utils.file.FileUtils - com.mawujun.repository.idEntity.IdEntity
08:16:49.206 [main] INFO  com.mawujun.utils.file.FileUtils - com.mawujun.repository.idEntity.OracleAutoId
08:16:49.207 [main] INFO  com.mawujun.utils.file.FileUtils - com.mawujun.repository.idEntity.OracleAutoIdValidate
08:16:49.208 [main] INFO  com.mawujun.utils.file.FileUtils - com.mawujun.repository.idEntity.UUIDEntity
08:16:49.208 [main] INFO  com.mawujun.utils.file.FileUtils - com.mawujun.repository.idEntity.UUIDEntityValidate
08:16:49.209 [main] INFO  com.mawujun.utils.file.FileUtils - com.mawujun.repository.idEntity.UUIDGenerator
08:16:49.209 [main] INFO  com.mawujun.utils.file.FileUtils - com.mawujun.repository.IRepository
08:16:49.211 [main] INFO  com.mawujun.utils.file.FileUtils - com.mawujun.repository.mybatis.BaseEntity
08:16:49.213 [main] INFO  com.mawujun.utils.file.FileUtils - com.mawujun.repository.mybatis.BitTypeHandler
08:16:49.214 [main] INFO  com.mawujun.utils.file.FileUtils - com.mawujun.repository.mybatis.DatabaseIdProviderCustom
08:16:49.246 [main] INFO  com.mawujun.utils.file.FileUtils - com.mawujun.repository.mybatis.DataParser
08:16:49.271 [main] INFO  com.mawujun.utils.file.FileUtils - com.mawujun.repository.mybatis.dialect.DB2Dialect
08:16:49.271 [main] INFO  com.mawujun.utils.file.FileUtils - com.mawujun.repository.mybatis.dialect.DerbyDialect
08:16:49.272 [main] INFO  com.mawujun.utils.file.FileUtils - com.mawujun.repository.mybatis.dialect.Dialect
08:16:49.272 [main] INFO  com.mawujun.utils.file.FileUtils - com.mawujun.repository.mybatis.dialect.H2Dialect
08:16:49.273 [main] INFO  com.mawujun.utils.file.FileUtils - com.mawujun.repository.mybatis.dialect.HSQLDialect
08:16:49.273 [main] INFO  com.mawujun.utils.file.FileUtils - com.mawujun.repository.mybatis.dialect.MySQLDialect
08:16:49.274 [main] INFO  com.mawujun.utils.file.FileUtils - com.mawujun.repository.mybatis.dialect.OracleDialect
08:16:49.274 [main] INFO  com.mawujun.utils.file.FileUtils - com.mawujun.repository.mybatis.dialect.PostgreSQLDialect
08:16:49.276 [main] INFO  com.mawujun.utils.file.FileUtils - com.mawujun.repository.mybatis.dialect.SQLServer2005Dialect
08:16:49.277 [main] INFO  com.mawujun.utils.file.FileUtils - com.mawujun.repository.mybatis.dialect.SQLServerDialect
08:16:49.278 [main] INFO  com.mawujun.utils.file.FileUtils - com.mawujun.repository.mybatis.dialect.SybaseDialect
08:16:49.278 [main] INFO  com.mawujun.utils.file.FileUtils - com.mawujun.repository.mybatis.MybatisBatchRepository
08:16:49.279 [main] INFO  com.mawujun.utils.file.FileUtils - com.mawujun.repository.mybatis.MybatisRepository
08:16:49.280 [main] INFO  com.mawujun.utils.file.FileUtils - com.mawujun.repository.mybatis.MybatisUtils
08:16:49.281 [main] INFO  com.mawujun.utils.file.FileUtils - com.mawujun.repository.mybatis.PageInterceptor$BoundSqlSqlSource
08:16:49.285 [main] INFO  com.mawujun.utils.file.FileUtils - com.mawujun.repository.mybatis.PageInterceptor
08:16:49.286 [main] INFO  com.mawujun.utils.file.FileUtils - com.mawujun.repository.mybatis.Record
08:16:49.287 [main] INFO  com.mawujun.utils.file.FileUtils - com.mawujun.repository.mybatis.TrueFalseTypeHandler
08:16:49.288 [main] INFO  com.mawujun.utils.file.FileUtils - com.mawujun.repository.mybatis.YesNoTypeHandler
08:16:49.315 [main] INFO  com.mawujun.utils.file.FileUtils - com.mawujun.repository.MyMapperProxy
08:16:49.333 [main] INFO  com.mawujun.utils.file.FileUtils - com.mawujun.repository.MyMapperProxyFactory
08:16:49.351 [main] INFO  com.mawujun.utils.file.FileUtils - com.mawujun.repository.MyMapperRegistry
08:16:49.353 [main] INFO  com.mawujun.utils.file.FileUtils - com.mawujun.repository.MySqlSessionFactoryBean
08:16:49.353 [main] INFO  com.mawujun.utils.file.FileUtils - com.mawujun.service.AbstractService
08:16:49.353 [main] INFO  com.mawujun.utils.file.FileUtils - fileç±»åž‹çš„æ‰«æ
08:16:49.354 [main] INFO  com.mawujun.utils.file.FileUtils - com.mawujun.controller.shiro.IShiroUser
08:16:49.368 [main] INFO  com.mawujun.utils.file.FileUtils - com.mawujun.controller.shiro.ShiroFormAuthenticationFilter
08:16:49.369 [main] INFO  com.mawujun.utils.file.FileUtils - com.mawujun.controller.shiro.ShiroKickoutSessionControlFilter
08:16:49.370 [main] INFO  com.mawujun.utils.file.FileUtils - com.mawujun.controller.shiro.ShiroURLPermissionsFilter
08:16:49.371 [main] INFO  com.mawujun.utils.file.FileUtils - com.mawujun.controller.spring.event.ApplicationListenerAAA
08:16:49.372 [main] INFO  com.mawujun.utils.file.FileUtils - com.mawujun.controller.spring.mvc.DateConverter
08:16:49.375 [main] INFO  com.mawujun.utils.file.FileUtils - com.mawujun.controller.spring.mvc.exception.MappingExceptionResolver
08:16:49.383 [main] INFO  com.mawujun.utils.file.FileUtils - com.mawujun.controller.spring.mvc.json.JsonConfigHolder$1
08:16:49.385 [main] INFO  com.mawujun.utils.file.FileUtils - com.mawujun.controller.spring.mvc.json.JsonConfigHolder$ToJsonConfig
08:16:49.386 [main] INFO  com.mawujun.utils.file.FileUtils - com.mawujun.controller.spring.mvc.json.JsonConfigHolder
08:16:49.387 [main] INFO  com.mawujun.utils.file.FileUtils - com.mawujun.controller.spring.mvc.json.Object2JsonObject
08:16:49.387 [main] INFO  com.mawujun.utils.file.FileUtils - com.mawujun.controller.spring.mvc.json.PageResult2JsonObject
08:16:49.387 [main] INFO  com.mawujun.utils.file.FileUtils - com.mawujun.controller.spring.mvc.json.Trans2JsonObject
08:16:49.388 [main] INFO  com.mawujun.utils.file.FileUtils - com.mawujun.controller.spring.mvc.SetCharacterEncodingFilter
08:16:49.389 [main] INFO  com.mawujun.utils.file.FileUtils - com.mawujun.controller.spring.SpringContextHolder
08:16:49.390 [main] INFO  com.mawujun.utils.file.FileUtils - com.mawujun.leon_spring.App
08:16:49.390 [main] INFO  com.mawujun.utils.file.FileUtils - fileç±»åž‹çš„æ‰«æ
08:16:49.400 [main] INFO  com.mawujun.utils.file.FileUtils - com.mawujun.exception.BusinessException
08:16:49.404 [main] INFO  com.mawujun.utils.file.FileUtils - com.mawujun.exception.DefaulExceptionCode
08:16:49.404 [main] INFO  com.mawujun.utils.file.FileUtils - com.mawujun.exception.ExceptionCode
08:16:49.405 [main] INFO  com.mawujun.utils.file.FileUtils - com.mawujun.exception.PaymentCode
08:16:49.406 [main] INFO  com.mawujun.utils.file.FileUtils - com.mawujun.exception.SystemExceptionExample
08:16:49.415 [main] INFO  com.mawujun.utils.file.FileUtils - com.mawujun.exception.SystemExceptionExample2
08:16:49.423 [main] INFO  com.mawujun.utils.file.FileUtils - com.mawujun.exception.SystemExceptionExample3
08:16:49.432 [main] INFO  com.mawujun.utils.file.FileUtils - com.mawujun.exception.ValidationCode
08:16:49.433 [main] INFO  com.mawujun.utils.file.FileUtils - com.mawujun.leon_utils.App
08:16:49.443 [main] INFO  com.mawujun.utils.file.FileUtils - com.mawujun.utils.ArrayUtils
08:16:49.443 [main] INFO  com.mawujun.utils.file.FileUtils - com.mawujun.utils.Assert
08:16:49.450 [main] INFO  com.mawujun.utils.file.FileUtils - com.mawujun.utils.bean.BeanUtils
08:16:49.451 [main] INFO  com.mawujun.utils.file.FileUtils - com.mawujun.utils.CollectionUtils
08:16:49.458 [main] INFO  com.mawujun.utils.file.FileUtils - com.mawujun.utils.DateUtils
08:16:49.467 [main] INFO  com.mawujun.utils.file.FileUtils - com.mawujun.utils.EncodeUtils
08:16:49.467 [main] INFO  com.mawujun.utils.file.FileUtils - com.mawujun.utils.file.FileUtils
08:16:49.471 [main] INFO  com.mawujun.utils.file.FileUtils - com.mawujun.utils.GlobalVariable
08:16:49.472 [main] INFO  com.mawujun.utils.file.FileUtils - com.mawujun.utils.help.CodeGeneratorHelper
08:16:49.481 [main] INFO  com.mawujun.utils.file.FileUtils - com.mawujun.utils.icon.Icon
08:16:49.481 [main] INFO  com.mawujun.utils.file.FileUtils - com.mawujun.utils.icon.IconUtil
08:16:49.492 [main] INFO  com.mawujun.utils.file.FileUtils - com.mawujun.utils.JavaLibraryPathUtils
08:16:49.504 [main] INFO  com.mawujun.utils.file.FileUtils - com.mawujun.utils.JavaVersion
08:16:49.505 [main] INFO  com.mawujun.utils.file.FileUtils - com.mawujun.utils.ObjectUtils
08:16:49.508 [main] INFO  com.mawujun.utils.file.FileUtils - com.mawujun.utils.page.PageParam
08:16:49.508 [main] INFO  com.mawujun.utils.file.FileUtils - com.mawujun.utils.page.Pager
08:16:49.520 [main] INFO  com.mawujun.utils.file.FileUtils - com.mawujun.utils.page.PageResult
08:16:49.521 [main] INFO  com.mawujun.utils.file.FileUtils - com.mawujun.utils.properties.PropertiesUtils
08:16:49.533 [main] INFO  com.mawujun.utils.file.FileUtils - com.mawujun.utils.Range$ComparableComparator
08:16:49.545 [main] INFO  com.mawujun.utils.file.FileUtils - com.mawujun.utils.Range
08:16:49.546 [main] INFO  com.mawujun.utils.file.FileUtils - com.mawujun.utils.ReflectUtils$1
08:16:49.557 [main] INFO  com.mawujun.utils.file.FileUtils - com.mawujun.utils.ReflectUtils$2
08:16:49.594 [main] INFO  com.mawujun.utils.file.FileUtils - com.mawujun.utils.ReflectUtils$3
08:16:49.594 [main] INFO  com.mawujun.utils.file.FileUtils - com.mawujun.utils.ReflectUtils$FieldCallback
08:16:49.598 [main] INFO  com.mawujun.utils.file.FileUtils - com.mawujun.utils.ReflectUtils$FieldFilter
08:16:49.601 [main] INFO  com.mawujun.utils.file.FileUtils - com.mawujun.utils.ReflectUtils$MethodCallback
08:16:49.603 [main] INFO  com.mawujun.utils.file.FileUtils - com.mawujun.utils.ReflectUtils$MethodFilter
08:16:49.605 [main] INFO  com.mawujun.utils.file.FileUtils - com.mawujun.utils.ReflectUtils
08:16:49.609 [main] INFO  com.mawujun.utils.file.FileUtils - com.mawujun.utils.SerializationException
08:16:49.611 [main] INFO  com.mawujun.utils.file.FileUtils - com.mawujun.utils.SerializationUtils
08:16:49.613 [main] INFO  com.mawujun.utils.file.FileUtils - com.mawujun.utils.string.RandomStringUtils
08:16:49.616 [main] INFO  com.mawujun.utils.file.FileUtils - com.mawujun.utils.string.StringEscapeUtils
08:16:49.641 [main] INFO  com.mawujun.utils.file.FileUtils - com.mawujun.utils.string.StringTokenizerUtils
08:16:49.644 [main] INFO  com.mawujun.utils.file.FileUtils - com.mawujun.utils.string.StringUtils
08:16:49.645 [main] INFO  com.mawujun.utils.file.FileUtils - com.mawujun.utils.SystemUtils
08:16:49.660 [main] INFO  com.mawujun.utils.file.FileUtils - com.mawujun.utils.test.DbunitBaseRepositoryTest
08:16:49.662 [main] INFO  com.mawujun.utils.file.FileUtils - com.mawujun.utils.Validate
08:16:49.663 [main] INFO  com.mawujun.utils.file.FileUtils - com.mawujun.utils.WeekUtils
08:16:49.663 [main] INFO  com.mawujun.utils.file.FileUtils - fileç±»åž‹çš„æ‰«æ
08:16:49.664 [main] INFO  com.mawujun.utils.file.FileUtils - com.mawujun.generator.ExtenConfig
08:16:49.664 [main] INFO  com.mawujun.utils.file.FileUtils - com.mawujun.generator.FreemarkerHelper
08:16:49.665 [main] INFO  com.mawujun.utils.file.FileUtils - com.mawujun.generator.GeneratorService
08:16:49.666 [main] INFO  com.mawujun.utils.file.FileUtils - com.mawujun.generator.JavaEntityMetaDataService
08:16:49.666 [main] INFO  com.mawujun.utils.file.FileUtils - com.mawujun.generator.model.FieldDefine
08:16:49.667 [main] INFO  com.mawujun.utils.file.FileUtils - com.mawujun.generator.model.FtlFileInfo
08:16:49.667 [main] INFO  com.mawujun.utils.file.FileUtils - com.mawujun.generator.model.PropertyColumn
08:16:49.668 [main] INFO  com.mawujun.utils.file.FileUtils - com.mawujun.generator.model.PropertyColumnComparator
08:16:49.668 [main] INFO  com.mawujun.utils.file.FileUtils - com.mawujun.generator.model.ShowType
08:16:49.669 [main] INFO  com.mawujun.utils.file.FileUtils - com.mawujun.generator.model.SubjectRoot
08:16:49.669 [main] INFO  com.mawujun.utils.file.FileUtils - com.mawujun.generator.MT.GeneratorMT$1
08:16:49.669 [main] INFO  com.mawujun.utils.file.FileUtils - com.mawujun.generator.MT.GeneratorMT
08:16:49.670 [main] INFO  com.mawujun.utils.file.FileUtils - com.mawujun.generator.other.DefaultNameStrategy
08:16:49.671 [main] INFO  com.mawujun.utils.file.FileUtils - com.mawujun.generator.other.JarFileSearch
08:16:49.671 [main] INFO  com.mawujun.utils.file.FileUtils - com.mawujun.generator.other.NameStrategy
08:16:49.679 [main] INFO  com.mawujun.utils.file.FileUtils - com.mawujun.generator.Test
08:16:49.680 [main] INFO  com.mawujun.utils.file.FileUtils - com.mawujun.leon_generator.App
08:16:49.681 [main] INFO  com.mawujun.utils.file.FileUtils - =============================================com.mawujun.customer.continent.Continent
08:16:49.682 [main] INFO  com.mawujun.utils.file.FileUtils - name
08:16:49.682 [main] INFO  com.mawujun.utils.file.FileUtils - remark
08:16:49.682 [main] INFO  com.mawujun.utils.file.FileUtils - id
08:16:49.682 [main] INFO  com.mawujun.utils.file.FileUtils - =============================================com.mawujun.customer.continent.Country
08:16:49.682 [main] INFO  com.mawujun.utils.file.FileUtils - name
08:16:49.683 [main] INFO  com.mawujun.utils.file.FileUtils - continent_id
08:16:49.683 [main] INFO  com.mawujun.utils.file.FileUtils - remark
08:16:49.683 [main] INFO  com.mawujun.utils.file.FileUtils - id
08:16:49.683 [main] INFO  com.mawujun.utils.file.FileUtils - =============================================com.mawujun.customer.Customer
08:16:49.683 [main] INFO  com.mawujun.utils.file.FileUtils - code
08:16:49.683 [main] INFO  com.mawujun.utils.file.FileUtils - name
08:16:49.683 [main] INFO  com.mawujun.utils.file.FileUtils - source_id
08:16:49.683 [main] INFO  com.mawujun.utils.file.FileUtils - businessPhase_id
08:16:49.683 [main] INFO  com.mawujun.utils.file.FileUtils - property_id
08:16:49.683 [main] INFO  com.mawujun.utils.file.FileUtils - followupNum
08:16:49.684 [main] INFO  com.mawujun.utils.file.FileUtils - inquiryDate
08:16:49.684 [main] INFO  com.mawujun.utils.file.FileUtils - inquiryContent
08:16:49.684 [main] INFO  com.mawujun.utils.file.FileUtils - website
08:16:49.684 [main] INFO  com.mawujun.utils.file.FileUtils - address
08:16:49.684 [main] INFO  com.mawujun.utils.file.FileUtils - id
08:16:49.684 [main] INFO  com.mawujun.utils.file.FileUtils - =============================================com.mawujun.org.Org
08:16:49.684 [main] INFO  com.mawujun.utils.file.FileUtils - orgno
08:16:49.684 [main] INFO  com.mawujun.utils.file.FileUtils - orgnm
08:16:49.684 [main] INFO  com.mawujun.utils.file.FileUtils - orgsn
08:16:49.684 [main] INFO  com.mawujun.utils.file.FileUtils - orgty
08:16:49.685 [main] INFO  com.mawujun.utils.file.FileUtils - chancl
08:16:49.685 [main] INFO  com.mawujun.utils.file.FileUtils - orgst
08:16:49.685 [main] INFO  com.mawujun.utils.file.FileUtils - =============================================com.mawujun.org.OrgOrg
08:16:49.685 [main] INFO  com.mawujun.utils.file.FileUtils - parent
08:16:49.691 [main] INFO  com.mawujun.utils.file.FileUtils - child
08:16:49.692 [main] INFO  com.mawujun.utils.file.FileUtils - dim
08:16:49.693 [main] INFO  com.mawujun.utils.file.FileUtils - =============================================com.mawujun.org.Position
08:16:49.693 [main] INFO  com.mawujun.utils.file.FileUtils - id
08:16:49.693 [main] INFO  com.mawujun.utils.file.FileUtils - name
08:16:49.693 [main] INFO  com.mawujun.utils.file.FileUtils - remark
08:16:49.693 [main] INFO  com.mawujun.utils.file.FileUtils - orgno
08:16:49.693 [main] INFO  com.mawujun.utils.file.FileUtils - =============================================com.mawujun.org.PositionOrgUser
08:16:49.693 [main] INFO  com.mawujun.utils.file.FileUtils - position
08:16:49.694 [main] INFO  com.mawujun.utils.file.FileUtils - org
08:16:49.694 [main] INFO  com.mawujun.utils.file.FileUtils - user
08:16:49.695 [main] INFO  com.mawujun.utils.file.FileUtils - =============================================com.mawujun.permission.Menu
08:16:49.695 [main] INFO  com.mawujun.utils.file.FileUtils - id
08:16:49.695 [main] INFO  com.mawujun.utils.file.FileUtils - code
08:16:49.695 [main] INFO  com.mawujun.utils.file.FileUtils - name
08:16:49.695 [main] INFO  com.mawujun.utils.file.FileUtils - url
08:16:49.695 [main] INFO  com.mawujun.utils.file.FileUtils - menuType
08:16:49.696 [main] INFO  com.mawujun.utils.file.FileUtils - parent_id
08:16:49.696 [main] INFO  com.mawujun.utils.file.FileUtils - remark
08:16:49.696 [main] INFO  com.mawujun.utils.file.FileUtils - =============================================com.mawujun.permission.Role
08:16:49.696 [main] INFO  com.mawujun.utils.file.FileUtils - id
08:16:49.696 [main] INFO  com.mawujun.utils.file.FileUtils - name
08:16:49.696 [main] INFO  com.mawujun.utils.file.FileUtils - roleType
08:16:49.696 [main] INFO  com.mawujun.utils.file.FileUtils - remark
08:16:49.696 [main] INFO  com.mawujun.utils.file.FileUtils - parent_id
08:16:49.696 [main] INFO  com.mawujun.utils.file.FileUtils - =============================================com.mawujun.permission.RoleMenu
08:16:49.696 [main] INFO  com.mawujun.utils.file.FileUtils - menu
08:16:49.697 [main] INFO  com.mawujun.utils.file.FileUtils - role
08:16:49.697 [main] INFO  com.mawujun.utils.file.FileUtils - =============================================com.mawujun.permission.RoleUser
08:16:49.697 [main] INFO  com.mawujun.utils.file.FileUtils - user
08:16:49.698 [main] INFO  com.mawujun.utils.file.FileUtils - role
08:16:49.698 [main] INFO  com.mawujun.utils.file.FileUtils - =============================================com.mawujun.permission.User
08:16:49.698 [main] INFO  com.mawujun.utils.file.FileUtils - id
08:16:49.698 [main] INFO  com.mawujun.utils.file.FileUtils - name
08:16:49.698 [main] INFO  com.mawujun.utils.file.FileUtils - loginName
08:16:49.698 [main] INFO  com.mawujun.utils.file.FileUtils - pwd
08:16:49.698 [main] INFO  com.mawujun.utils.file.FileUtils - remark
08:19:57.645 [localhost-startStop-1] DEBUG com.mawujun.config.DispatcherServletInitializer - No ContextLoaderListener registered, as createRootApplicationContext() did not return an application context
08:21:10.945 [localhost-startStop-1] DEBUG com.mawujun.config.DispatcherServletInitializer - No ContextLoaderListener registered, as createRootApplicationContext() did not return an application context
08:23:38.854 [localhost-startStop-1] DEBUG com.mawujun.config.DispatcherServletInitializer - No ContextLoaderListener registered, as createRootApplicationContext() did not return an application context
08:28:00.655 [localhost-startStop-1] DEBUG com.mawujun.config.DispatcherServletInitializer - No ContextLoaderListener registered, as createRootApplicationContext() did not return an application context
08:28:30.855 [localhost-startStop-1] DEBUG com.mawujun.config.DispatcherServletInitializer - No ContextLoaderListener registered, as createRootApplicationContext() did not return an application context
09:38:56.995 [localhost-startStop-1] DEBUG com.mawujun.config.DispatcherServletInitializer - No ContextLoaderListener registered, as createRootApplicationContext() did not return an application context
09:40:14.243 [localhost-startStop-1] DEBUG com.mawujun.config.DispatcherServletInitializer - No ContextLoaderListener registered, as createRootApplicationContext() did not return an application context
09:40:21.102 [localhost-startStop-1] DEBUG com.mawujun.controller.spring.SpringContextHolder - ×¢ÈëApplicationContextµ½SpringContextHolder:null
10:13:14.280 [localhost-startStop-1] DEBUG com.mawujun.config.DispatcherServletInitializer - No ContextLoaderListener registered, as createRootApplicationContext() did not return an application context
10:13:51.067 [localhost-startStop-1] DEBUG com.mawujun.controller.spring.SpringContextHolder - ×¢ÈëApplicationContextµ½SpringContextHolder:null
21:30:27.631 [localhost-startStop-1] DEBUG com.mawujun.config.DispatcherServletInitializer - No ContextLoaderListener registered, as createRootApplicationContext() did not return an application context
21:30:34.913 [localhost-startStop-1] DEBUG com.mawujun.controller.spring.SpringContextHolder - æ³¨å…¥ApplicationContextåˆ°SpringContextHolder:null
21:30:34.942 [localhost-startStop-1] DEBUG com.mawujun.controller.spring.SpringContextHolder - æ¸…é™¤SpringContextHolderä¸­çš„ApplicationContext:WebApplicationContext for namespace 'dispatcher-servlet': startup date [Tue Apr 19 21:30:27 CST 2016]; root of context hierarchy
21:45:47.932 [localhost-startStop-1] DEBUG com.mawujun.config.DispatcherServletInitializer - No ContextLoaderListener registered, as createRootApplicationContext() did not return an application context
21:45:53.740 [localhost-startStop-1] DEBUG com.mawujun.controller.spring.SpringContextHolder - æ³¨å…¥ApplicationContextåˆ°SpringContextHolder:null
22:07:23.308 [http-bio-8087-exec-6] DEBUG com.mawujun.permission.UserRepository.getByLoginName - ==>  Preparing: select * from t_user a where a.loginName=? 
22:07:23.328 [http-bio-8087-exec-6] DEBUG com.mawujun.permission.UserRepository.getByLoginName - ==> Parameters: admin(String)
22:07:23.346 [http-bio-8087-exec-6] DEBUG com.mawujun.permission.UserRepository.getByLoginName - <==      Total: 0
22:09:50.930 [http-bio-8087-exec-7] DEBUG com.mawujun.permission.UserRepository.getByLoginName - ==>  Preparing: select * from t_user a where a.loginName=? 
22:09:50.930 [http-bio-8087-exec-7] DEBUG com.mawujun.permission.UserRepository.getByLoginName - ==> Parameters: admin(String)
22:09:50.936 [http-bio-8087-exec-7] DEBUG com.mawujun.permission.UserRepository.getByLoginName - <==      Total: 1
22:09:50.946 [http-bio-8087-exec-7] DEBUG com.mawujun.permission.UserRepository.findPermissions - ==>  Preparing: select c.url from t_role_user a,t_role_menu b,t_menu c where a.role_id=b.role_id and b.menu_id=c.id and a.user_id=? 
22:09:50.946 [http-bio-8087-exec-7] DEBUG com.mawujun.permission.UserRepository.findPermissions - ==> Parameters: admin(String)
22:09:50.951 [http-bio-8087-exec-7] DEBUG com.mawujun.permission.UserRepository.findPermissions - <==      Total: 3
22:09:50.968 [http-bio-8087-exec-9] INFO  com.mawujun.controller.shiro.ShiroURLPermissionsFilter - å½“å‰è·¯å¾„/main/index.jspåŒ¹é… '/main/**'. æ‰€ä»¥ä¸è¿›è¡Œæƒé™éªŒè¯
22:09:51.642 [http-bio-8087-exec-10] INFO  com.mawujun.controller.shiro.ShiroURLPermissionsFilter - å½“å‰è·¯å¾„/main/unauthorized.jspåŒ¹é… '/main/**'. æ‰€ä»¥ä¸è¿›è¡Œæƒé™éªŒè¯
22:10:47.316 [http-bio-8087-exec-14] INFO  com.mawujun.controller.shiro.ShiroURLPermissionsFilter - å½“å‰è·¯å¾„/main/index.jspåŒ¹é… '/main/**'. æ‰€ä»¥ä¸è¿›è¡Œæƒé™éªŒè¯
22:10:47.867 [http-bio-8087-exec-10] INFO  com.mawujun.controller.shiro.ShiroURLPermissionsFilter - å½“å‰è·¯å¾„/main/unauthorized.jspåŒ¹é… '/main/**'. æ‰€ä»¥ä¸è¿›è¡Œæƒé™éªŒè¯
22:11:09.153 [http-bio-8087-exec-14] INFO  com.mawujun.controller.shiro.ShiroURLPermissionsFilter - å½“å‰è·¯å¾„/main/index.jspåŒ¹é… '/main/**'. æ‰€ä»¥ä¸è¿›è¡Œæƒé™éªŒè¯
22:11:14.015 [http-bio-8087-exec-14] INFO  com.mawujun.controller.shiro.ShiroURLPermissionsFilter - å½“å‰è·¯å¾„/main/unauthorized.jspåŒ¹é… '/main/**'. æ‰€ä»¥ä¸è¿›è¡Œæƒé™éªŒè¯
22:12:41.355 [http-bio-8087-exec-14] INFO  com.mawujun.controller.shiro.ShiroURLPermissionsFilter - å½“å‰è·¯å¾„/main/index.jspåŒ¹é… '/main/**'. æ‰€ä»¥ä¸è¿›è¡Œæƒé™éªŒè¯
22:12:45.888 [http-bio-8087-exec-14] DEBUG com.mawujun.permission.UserRepository.findPermissions - ==>  Preparing: select c.url from t_role_user a,t_role_menu b,t_menu c where a.role_id=b.role_id and b.menu_id=c.id and a.user_id=? 
22:12:45.888 [http-bio-8087-exec-14] DEBUG com.mawujun.permission.UserRepository.findPermissions - ==> Parameters: admin(String)
22:12:45.889 [http-bio-8087-exec-14] DEBUG com.mawujun.permission.UserRepository.findPermissions - <==      Total: 3
22:12:45.905 [http-bio-8087-exec-10] INFO  com.mawujun.controller.shiro.ShiroURLPermissionsFilter - å½“å‰è·¯å¾„/main/unauthorized.jspåŒ¹é… '/main/**'. æ‰€ä»¥ä¸è¿›è¡Œæƒé™éªŒè¯
22:19:16.888 [localhost-startStop-2] DEBUG com.mawujun.controller.spring.SpringContextHolder - æ¸…é™¤SpringContextHolderä¸­çš„ApplicationContext:WebApplicationContext for namespace 'dispatcher-servlet': startup date [Tue Apr 19 21:45:48 CST 2016]; root of context hierarchy
22:19:34.211 [localhost-startStop-1] DEBUG com.mawujun.config.DispatcherServletInitializer - No ContextLoaderListener registered, as createRootApplicationContext() did not return an application context
22:19:42.344 [localhost-startStop-1] DEBUG com.mawujun.controller.spring.SpringContextHolder - æ³¨å…¥ApplicationContextåˆ°SpringContextHolder:null
22:22:23.335 [http-bio-8087-exec-10] DEBUG com.mawujun.permission.UserRepository.getByLoginName - ==>  Preparing: select * from t_user a where a.loginName=? 
22:22:23.362 [http-bio-8087-exec-10] DEBUG com.mawujun.permission.UserRepository.getByLoginName - ==> Parameters: admin(String)
22:22:23.396 [http-bio-8087-exec-10] DEBUG com.mawujun.permission.UserRepository.getByLoginName - <==      Total: 1
22:22:23.411 [http-bio-8087-exec-10] DEBUG com.mawujun.permission.UserRepository.findPermissions - ==>  Preparing: select c.url from t_role_user a,t_role_menu b,t_menu c where a.role_id=b.role_id and b.menu_id=c.id and a.user_id=? 
22:22:23.412 [http-bio-8087-exec-10] DEBUG com.mawujun.permission.UserRepository.findPermissions - ==> Parameters: admin(String)
22:22:23.419 [http-bio-8087-exec-10] DEBUG com.mawujun.permission.UserRepository.findPermissions - <==      Total: 3
22:22:23.562 [http-bio-8087-exec-3] INFO  com.mawujun.controller.shiro.ShiroURLPermissionsFilter - å½“å‰è·¯å¾„/main/index.jspåŒ¹é… '/main/**'. æ‰€ä»¥ä¸è¿›è¡Œæƒé™éªŒè¯
22:22:28.510 [http-bio-8087-exec-9] DEBUG com.mawujun.permission.MenuRepository.queryByUser - ==>  Preparing: select a.* from t_menu a , t_role_user b,t_role_menu c where a.menuType='menu' and b.role_id=c.role_id and c.menu_id=a.id and a.parent_id is null and b.user_id =? 
22:22:28.510 [http-bio-8087-exec-9] DEBUG com.mawujun.permission.MenuRepository.queryByUser - ==> Parameters: admin(String)
22:22:28.523 [http-bio-8087-exec-9] DEBUG com.mawujun.permission.MenuRepository.queryByUser - <==      Total: 3
22:22:28.524 [http-bio-8087-exec-9] DEBUG com.mawujun.permission.MenuRepository.queryByUser - ==>  Preparing: select a.* from t_menu a , t_role_user b,t_role_menu c where a.menuType='menu' and b.role_id=c.role_id and c.menu_id=a.id and a.parent_id=? and b.user_id =? 
22:22:28.525 [http-bio-8087-exec-9] DEBUG com.mawujun.permission.MenuRepository.queryByUser - ==> Parameters: 1a6a75a5-0720-4388-8d67-345393bba3a2(String), admin(String)
22:22:28.526 [http-bio-8087-exec-9] DEBUG com.mawujun.permission.MenuRepository.queryByUser - <==      Total: 0
22:22:28.526 [http-bio-8087-exec-9] DEBUG com.mawujun.permission.MenuRepository.queryByUser - ==>  Preparing: select a.* from t_menu a , t_role_user b,t_role_menu c where a.menuType='menu' and b.role_id=c.role_id and c.menu_id=a.id and a.parent_id=? and b.user_id =? 
22:22:28.526 [http-bio-8087-exec-9] DEBUG com.mawujun.permission.MenuRepository.queryByUser - ==> Parameters: a49cf606-5dbb-4804-bd0c-63da6f2a03e7(String), admin(String)
22:22:28.527 [http-bio-8087-exec-9] DEBUG com.mawujun.permission.MenuRepository.queryByUser - <==      Total: 0
22:22:28.528 [http-bio-8087-exec-9] DEBUG com.mawujun.permission.MenuRepository.queryByUser - ==>  Preparing: select a.* from t_menu a , t_role_user b,t_role_menu c where a.menuType='menu' and b.role_id=c.role_id and c.menu_id=a.id and a.parent_id=? and b.user_id =? 
22:22:28.528 [http-bio-8087-exec-9] DEBUG com.mawujun.permission.MenuRepository.queryByUser - ==> Parameters: feadcca4-275e-4ffd-80e6-6e559e6ec2f9(String), admin(String)
22:22:28.529 [http-bio-8087-exec-9] DEBUG com.mawujun.permission.MenuRepository.queryByUser - <==      Total: 0
22:23:12.465 [http-bio-8087-exec-9] DEBUG com.mawujun.repository.hibernate.HibernateDao - save entity: com.mawujun.permission.Menu@1b1efe75
22:26:56.299 [localhost-startStop-1] DEBUG com.mawujun.config.DispatcherServletInitializer - No ContextLoaderListener registered, as createRootApplicationContext() did not return an application context
22:27:04.572 [localhost-startStop-1] DEBUG com.mawujun.controller.spring.SpringContextHolder - æ³¨å…¥ApplicationContextåˆ°SpringContextHolder:null
22:27:36.282 [http-bio-8087-exec-3] DEBUG com.mawujun.permission.UserRepository.getByLoginName - ==>  Preparing: select * from t_user a where a.loginName=? 
22:27:36.315 [http-bio-8087-exec-3] DEBUG com.mawujun.permission.UserRepository.getByLoginName - ==> Parameters: admin(String)
22:27:36.352 [http-bio-8087-exec-3] DEBUG com.mawujun.permission.UserRepository.getByLoginName - <==      Total: 1
22:27:36.372 [http-bio-8087-exec-3] DEBUG com.mawujun.permission.UserRepository.findPermissions - ==>  Preparing: select c.url from t_role_user a,t_role_menu b,t_menu c where a.role_id=b.role_id and b.menu_id=c.id and a.user_id=? 
22:27:36.373 [http-bio-8087-exec-3] DEBUG com.mawujun.permission.UserRepository.findPermissions - ==> Parameters: admin(String)
22:27:36.378 [http-bio-8087-exec-3] DEBUG com.mawujun.permission.UserRepository.findPermissions - <==      Total: 3
22:27:36.528 [http-bio-8087-exec-6] INFO  com.mawujun.controller.shiro.ShiroURLPermissionsFilter - å½“å‰è·¯å¾„/main/index.jspåŒ¹é… '/main/**'. æ‰€ä»¥ä¸è¿›è¡Œæƒé™éªŒè¯
22:27:42.108 [http-bio-8087-exec-4] DEBUG com.mawujun.permission.MenuRepository.queryByUser - ==>  Preparing: select a.* from t_menu a , t_role_user b,t_role_menu c where a.menuType='menu' and b.role_id=c.role_id and c.menu_id=a.id and a.parent_id is null and b.user_id =? 
22:27:42.109 [http-bio-8087-exec-4] DEBUG com.mawujun.permission.MenuRepository.queryByUser - ==> Parameters: admin(String)
22:27:42.114 [http-bio-8087-exec-4] DEBUG com.mawujun.permission.MenuRepository.queryByUser - <==      Total: 3
22:27:42.115 [http-bio-8087-exec-4] DEBUG com.mawujun.permission.MenuRepository.queryByUser - ==>  Preparing: select a.* from t_menu a , t_role_user b,t_role_menu c where a.menuType='menu' and b.role_id=c.role_id and c.menu_id=a.id and a.parent_id=? and b.user_id =? 
22:27:42.115 [http-bio-8087-exec-4] DEBUG com.mawujun.permission.MenuRepository.queryByUser - ==> Parameters: 1a6a75a5-0720-4388-8d67-345393bba3a2(String), admin(String)
22:27:42.116 [http-bio-8087-exec-4] DEBUG com.mawujun.permission.MenuRepository.queryByUser - <==      Total: 0
22:27:42.116 [http-bio-8087-exec-4] DEBUG com.mawujun.permission.MenuRepository.queryByUser - ==>  Preparing: select a.* from t_menu a , t_role_user b,t_role_menu c where a.menuType='menu' and b.role_id=c.role_id and c.menu_id=a.id and a.parent_id=? and b.user_id =? 
22:27:42.116 [http-bio-8087-exec-4] DEBUG com.mawujun.permission.MenuRepository.queryByUser - ==> Parameters: a49cf606-5dbb-4804-bd0c-63da6f2a03e7(String), admin(String)
22:27:42.117 [http-bio-8087-exec-4] DEBUG com.mawujun.permission.MenuRepository.queryByUser - <==      Total: 0
22:27:42.118 [http-bio-8087-exec-4] DEBUG com.mawujun.permission.MenuRepository.queryByUser - ==>  Preparing: select a.* from t_menu a , t_role_user b,t_role_menu c where a.menuType='menu' and b.role_id=c.role_id and c.menu_id=a.id and a.parent_id=? and b.user_id =? 
22:27:42.118 [http-bio-8087-exec-4] DEBUG com.mawujun.permission.MenuRepository.queryByUser - ==> Parameters: feadcca4-275e-4ffd-80e6-6e559e6ec2f9(String), admin(String)
22:27:42.119 [http-bio-8087-exec-4] DEBUG com.mawujun.permission.MenuRepository.queryByUser - <==      Total: 0
22:30:33.821 [http-bio-8087-exec-3] DEBUG com.mawujun.repository.hibernate.HibernateDao - save entity: com.mawujun.permission.Menu@348d5ac3
22:30:33.957 [http-bio-8087-exec-3] DEBUG com.mawujun.controller.spring.mvc.exception.MappingExceptionResolver - Resolving exception from handler [public com.mawujun.permission.Menu com.mawujun.permission.MenuController.create(com.mawujun.permission.Menu)]: org.hibernate.exception.ConstraintViolationException: could not execute batch
22:30:33.958 [http-bio-8087-exec-3] DEBUG com.mawujun.controller.spring.mvc.exception.MappingExceptionResolver - Resolving to view 'common_error' for exception of type [org.hibernate.exception.ConstraintViolationException], based on exception mapping [org.hibernate.exception.ConstraintViolationException]
22:30:33.958 [http-bio-8087-exec-3] DEBUG com.mawujun.controller.spring.mvc.exception.MappingExceptionResolver - Applying HTTP status code 503
22:30:33.958 [http-bio-8087-exec-3] DEBUG com.mawujun.controller.spring.mvc.exception.MappingExceptionResolver - Exposing Exception as model attribute 'exception'
22:30:33.958 [http-bio-8087-exec-3] INFO  com.mawujun.controller.spring.mvc.exception.MappingExceptionResolver - org.hibernate.exception.ConstraintViolationException: could not execute batch
22:31:26.671 [http-bio-8087-exec-4] DEBUG com.mawujun.repository.hibernate.HibernateDao - save entity: com.mawujun.permission.Menu@262b4183
22:31:26.720 [http-bio-8087-exec-4] DEBUG com.mawujun.controller.spring.mvc.exception.MappingExceptionResolver - Resolving exception from handler [public com.mawujun.permission.Menu com.mawujun.permission.MenuController.create(com.mawujun.permission.Menu)]: org.hibernate.exception.ConstraintViolationException: could not execute batch
22:31:26.720 [http-bio-8087-exec-4] DEBUG com.mawujun.controller.spring.mvc.exception.MappingExceptionResolver - Resolving to view 'common_error' for exception of type [org.hibernate.exception.ConstraintViolationException], based on exception mapping [org.hibernate.exception.ConstraintViolationException]
22:31:26.720 [http-bio-8087-exec-4] DEBUG com.mawujun.controller.spring.mvc.exception.MappingExceptionResolver - Applying HTTP status code 503
22:31:26.720 [http-bio-8087-exec-4] DEBUG com.mawujun.controller.spring.mvc.exception.MappingExceptionResolver - Exposing Exception as model attribute 'exception'
22:31:26.720 [http-bio-8087-exec-4] INFO  com.mawujun.controller.spring.mvc.exception.MappingExceptionResolver - org.hibernate.exception.ConstraintViolationException: could not execute batch
22:33:07.504 [http-bio-8087-exec-2] DEBUG com.mawujun.repository.hibernate.HibernateDao - delete entity: com.mawujun.permission.Menu@73a8e8a6
22:33:26.382 [http-bio-8087-exec-1] DEBUG com.mawujun.repository.hibernate.HibernateDao - save entity: com.mawujun.permission.Menu@231414cf
22:42:43.776 [localhost-startStop-1] DEBUG com.mawujun.config.DispatcherServletInitializer - No ContextLoaderListener registered, as createRootApplicationContext() did not return an application context
22:43:53.401 [localhost-startStop-1] DEBUG com.mawujun.config.DispatcherServletInitializer - No ContextLoaderListener registered, as createRootApplicationContext() did not return an application context
22:44:01.209 [localhost-startStop-1] DEBUG com.mawujun.controller.spring.SpringContextHolder - æ³¨å…¥ApplicationContextåˆ°SpringContextHolder:null
22:44:20.115 [http-bio-8087-exec-1] DEBUG com.mawujun.permission.UserRepository.getByLoginName - ==>  Preparing: select * from t_user a where a.loginName=? 
22:44:20.149 [http-bio-8087-exec-1] DEBUG com.mawujun.permission.UserRepository.getByLoginName - ==> Parameters: admin(String)
22:44:20.183 [http-bio-8087-exec-1] DEBUG com.mawujun.permission.UserRepository.getByLoginName - <==      Total: 1
22:44:20.199 [http-bio-8087-exec-1] DEBUG com.mawujun.permission.UserRepository.findPermissions - ==>  Preparing: select c.url from t_role_user a,t_role_menu b,t_menu c where a.role_id=b.role_id and b.menu_id=c.id and a.user_id=? 
22:44:20.200 [http-bio-8087-exec-1] DEBUG com.mawujun.permission.UserRepository.findPermissions - ==> Parameters: admin(String)
22:44:20.208 [http-bio-8087-exec-1] DEBUG com.mawujun.permission.UserRepository.findPermissions - <==      Total: 3
22:44:20.365 [http-bio-8087-exec-9] INFO  com.mawujun.controller.shiro.ShiroURLPermissionsFilter - å½“å‰è·¯å¾„/main/index.jspåŒ¹é… '/main/**'. æ‰€ä»¥ä¸è¿›è¡Œæƒé™éªŒè¯
22:44:25.598 [http-bio-8087-exec-7] DEBUG com.mawujun.permission.MenuRepository.queryByUser - ==>  Preparing: select a.* from t_menu a , t_role_user b,t_role_menu c where a.menuType='menu' and b.role_id=c.role_id and c.menu_id=a.id and a.parent_id is null and b.user_id =? 
22:44:25.598 [http-bio-8087-exec-7] DEBUG com.mawujun.permission.MenuRepository.queryByUser - ==> Parameters: admin(String)
22:44:25.870 [http-bio-8087-exec-7] DEBUG com.mawujun.permission.MenuRepository.queryByUser - <==      Total: 3
22:44:25.871 [http-bio-8087-exec-7] DEBUG com.mawujun.permission.MenuRepository.queryByUser - ==>  Preparing: select a.* from t_menu a , t_role_user b,t_role_menu c where a.menuType='menu' and b.role_id=c.role_id and c.menu_id=a.id and a.parent_id=? and b.user_id =? 
22:44:25.872 [http-bio-8087-exec-7] DEBUG com.mawujun.permission.MenuRepository.queryByUser - ==> Parameters: 1a6a75a5-0720-4388-8d67-345393bba3a2(String), admin(String)
22:44:25.873 [http-bio-8087-exec-7] DEBUG com.mawujun.permission.MenuRepository.queryByUser - <==      Total: 0
22:44:25.873 [http-bio-8087-exec-7] DEBUG com.mawujun.permission.MenuRepository.queryByUser - ==>  Preparing: select a.* from t_menu a , t_role_user b,t_role_menu c where a.menuType='menu' and b.role_id=c.role_id and c.menu_id=a.id and a.parent_id=? and b.user_id =? 
22:44:25.874 [http-bio-8087-exec-7] DEBUG com.mawujun.permission.MenuRepository.queryByUser - ==> Parameters: a49cf606-5dbb-4804-bd0c-63da6f2a03e7(String), admin(String)
22:44:25.874 [http-bio-8087-exec-7] DEBUG com.mawujun.permission.MenuRepository.queryByUser - <==      Total: 0
22:44:25.875 [http-bio-8087-exec-7] DEBUG com.mawujun.permission.MenuRepository.queryByUser - ==>  Preparing: select a.* from t_menu a , t_role_user b,t_role_menu c where a.menuType='menu' and b.role_id=c.role_id and c.menu_id=a.id and a.parent_id=? and b.user_id =? 
22:44:25.875 [http-bio-8087-exec-7] DEBUG com.mawujun.permission.MenuRepository.queryByUser - ==> Parameters: feadcca4-275e-4ffd-80e6-6e559e6ec2f9(String), admin(String)
22:44:25.876 [http-bio-8087-exec-7] DEBUG com.mawujun.permission.MenuRepository.queryByUser - <==      Total: 0
22:44:49.405 [http-bio-8087-exec-10] DEBUG com.mawujun.repository.hibernate.HibernateDao - save entity: com.mawujun.permission.Menu@10948b19
22:44:49.493 [http-bio-8087-exec-10] DEBUG com.mawujun.controller.spring.mvc.exception.MappingExceptionResolver - Resolving exception from handler [public com.mawujun.permission.Menu com.mawujun.permission.MenuController.create(com.mawujun.permission.Menu)]: org.hibernate.exception.ConstraintViolationException: could not execute batch
22:44:49.493 [http-bio-8087-exec-10] DEBUG com.mawujun.controller.spring.mvc.exception.MappingExceptionResolver - Resolving to view 'common_error' for exception of type [org.hibernate.exception.ConstraintViolationException], based on exception mapping [org.hibernate.exception.ConstraintViolationException]
22:44:49.493 [http-bio-8087-exec-10] DEBUG com.mawujun.controller.spring.mvc.exception.MappingExceptionResolver - Applying HTTP status code 503
22:44:49.493 [http-bio-8087-exec-10] DEBUG com.mawujun.controller.spring.mvc.exception.MappingExceptionResolver - Exposing Exception as model attribute 'exception'
22:44:49.493 [http-bio-8087-exec-10] INFO  com.mawujun.controller.spring.mvc.exception.MappingExceptionResolver - org.hibernate.exception.ConstraintViolationException: could not execute batch
22:48:14.065 [http-bio-8087-exec-8] DEBUG com.mawujun.repository.hibernate.HibernateDao - save entity: com.mawujun.permission.Menu@db7b06a
22:48:14.108 [http-bio-8087-exec-8] DEBUG com.mawujun.controller.spring.mvc.exception.MappingExceptionResolver - Resolving exception from handler [public com.mawujun.permission.Menu com.mawujun.permission.MenuController.create(com.mawujun.permission.Menu)]: org.hibernate.exception.ConstraintViolationException: could not execute batch
22:48:14.108 [http-bio-8087-exec-8] DEBUG com.mawujun.controller.spring.mvc.exception.MappingExceptionResolver - Resolving to view 'common_error' for exception of type [org.hibernate.exception.ConstraintViolationException], based on exception mapping [org.hibernate.exception.ConstraintViolationException]
22:48:14.108 [http-bio-8087-exec-8] DEBUG com.mawujun.controller.spring.mvc.exception.MappingExceptionResolver - Applying HTTP status code 503
22:48:14.108 [http-bio-8087-exec-8] DEBUG com.mawujun.controller.spring.mvc.exception.MappingExceptionResolver - Exposing Exception as model attribute 'exception'
22:48:14.108 [http-bio-8087-exec-8] INFO  com.mawujun.controller.spring.mvc.exception.MappingExceptionResolver - org.hibernate.exception.ConstraintViolationException: could not execute batch
22:50:02.222 [http-bio-8087-exec-2] DEBUG com.mawujun.repository.hibernate.HibernateDao - save entity: com.mawujun.permission.Menu@27c4d04d
22:50:02.260 [http-bio-8087-exec-2] DEBUG com.mawujun.controller.spring.mvc.exception.MappingExceptionResolver - Resolving exception from handler [public com.mawujun.permission.Menu com.mawujun.permission.MenuController.create(com.mawujun.permission.Menu)]: org.hibernate.exception.ConstraintViolationException: could not execute batch
22:50:02.261 [http-bio-8087-exec-2] DEBUG com.mawujun.controller.spring.mvc.exception.MappingExceptionResolver - Resolving to view 'common_error' for exception of type [org.hibernate.exception.ConstraintViolationException], based on exception mapping [org.hibernate.exception.ConstraintViolationException]
22:50:02.261 [http-bio-8087-exec-2] DEBUG com.mawujun.controller.spring.mvc.exception.MappingExceptionResolver - Applying HTTP status code 503
22:50:02.261 [http-bio-8087-exec-2] DEBUG com.mawujun.controller.spring.mvc.exception.MappingExceptionResolver - Exposing Exception as model attribute 'exception'
22:50:02.261 [http-bio-8087-exec-2] INFO  com.mawujun.controller.spring.mvc.exception.MappingExceptionResolver - org.hibernate.exception.ConstraintViolationException: could not execute batch
22:50:36.442 [http-bio-8087-exec-4] INFO  com.mawujun.controller.shiro.ShiroURLPermissionsFilter - å½“å‰è·¯å¾„/main/index.jspåŒ¹é… '/main/**'. æ‰€ä»¥ä¸è¿›è¡Œæƒé™éªŒè¯
22:50:42.340 [http-bio-8087-exec-13] DEBUG com.mawujun.permission.MenuRepository.queryByUser - ==>  Preparing: select a.* from t_menu a , t_role_user b,t_role_menu c where a.menuType='menu' and b.role_id=c.role_id and c.menu_id=a.id and a.parent_id is null and b.user_id =? 
22:50:42.340 [http-bio-8087-exec-13] DEBUG com.mawujun.permission.MenuRepository.queryByUser - ==> Parameters: admin(String)
22:50:42.341 [http-bio-8087-exec-13] DEBUG com.mawujun.permission.MenuRepository.queryByUser - <==      Total: 3
22:50:42.342 [http-bio-8087-exec-13] DEBUG com.mawujun.permission.MenuRepository.queryByUser - ==>  Preparing: select a.* from t_menu a , t_role_user b,t_role_menu c where a.menuType='menu' and b.role_id=c.role_id and c.menu_id=a.id and a.parent_id=? and b.user_id =? 
22:50:42.342 [http-bio-8087-exec-13] DEBUG com.mawujun.permission.MenuRepository.queryByUser - ==> Parameters: 1a6a75a5-0720-4388-8d67-345393bba3a2(String), admin(String)
22:50:42.343 [http-bio-8087-exec-13] DEBUG com.mawujun.permission.MenuRepository.queryByUser - <==      Total: 0
22:50:42.343 [http-bio-8087-exec-13] DEBUG com.mawujun.permission.MenuRepository.queryByUser - ==>  Preparing: select a.* from t_menu a , t_role_user b,t_role_menu c where a.menuType='menu' and b.role_id=c.role_id and c.menu_id=a.id and a.parent_id=? and b.user_id =? 
22:50:42.343 [http-bio-8087-exec-13] DEBUG com.mawujun.permission.MenuRepository.queryByUser - ==> Parameters: a49cf606-5dbb-4804-bd0c-63da6f2a03e7(String), admin(String)
22:50:42.344 [http-bio-8087-exec-13] DEBUG com.mawujun.permission.MenuRepository.queryByUser - <==      Total: 0
22:50:42.345 [http-bio-8087-exec-13] DEBUG com.mawujun.permission.MenuRepository.queryByUser - ==>  Preparing: select a.* from t_menu a , t_role_user b,t_role_menu c where a.menuType='menu' and b.role_id=c.role_id and c.menu_id=a.id and a.parent_id=? and b.user_id =? 
22:50:42.345 [http-bio-8087-exec-13] DEBUG com.mawujun.permission.MenuRepository.queryByUser - ==> Parameters: feadcca4-275e-4ffd-80e6-6e559e6ec2f9(String), admin(String)
22:50:42.346 [http-bio-8087-exec-13] DEBUG com.mawujun.permission.MenuRepository.queryByUser - <==      Total: 0
22:50:44.478 [http-bio-8087-exec-8] DEBUG com.mawujun.permission.UserRepository.findPermissions - ==>  Preparing: select c.url from t_role_user a,t_role_menu b,t_menu c where a.role_id=b.role_id and b.menu_id=c.id and a.user_id=? 
22:50:44.478 [http-bio-8087-exec-8] DEBUG com.mawujun.permission.UserRepository.findPermissions - ==> Parameters: admin(String)
22:50:44.479 [http-bio-8087-exec-8] DEBUG com.mawujun.permission.UserRepository.findPermissions - <==      Total: 3
22:51:01.956 [http-bio-8087-exec-14] DEBUG com.mawujun.repository.hibernate.HibernateDao - save entity: com.mawujun.permission.Menu@799e3dbc
22:51:01.994 [http-bio-8087-exec-14] DEBUG com.mawujun.controller.spring.mvc.exception.MappingExceptionResolver - Resolving exception from handler [public com.mawujun.permission.Menu com.mawujun.permission.MenuController.create(com.mawujun.permission.Menu)]: org.hibernate.exception.ConstraintViolationException: could not execute batch
22:51:01.994 [http-bio-8087-exec-14] DEBUG com.mawujun.controller.spring.mvc.exception.MappingExceptionResolver - Resolving to view 'common_error' for exception of type [org.hibernate.exception.ConstraintViolationException], based on exception mapping [org.hibernate.exception.ConstraintViolationException]
22:51:01.994 [http-bio-8087-exec-14] DEBUG com.mawujun.controller.spring.mvc.exception.MappingExceptionResolver - Applying HTTP status code 503
22:51:01.994 [http-bio-8087-exec-14] DEBUG com.mawujun.controller.spring.mvc.exception.MappingExceptionResolver - Exposing Exception as model attribute 'exception'
22:51:01.994 [http-bio-8087-exec-14] INFO  com.mawujun.controller.spring.mvc.exception.MappingExceptionResolver - org.hibernate.exception.ConstraintViolationException: could not execute batch
22:51:13.727 [http-bio-8087-exec-16] DEBUG com.mawujun.repository.hibernate.HibernateDao - delete entity: com.mawujun.permission.Menu@66d1eb48
22:51:20.336 [http-bio-8087-exec-13] DEBUG com.mawujun.repository.hibernate.HibernateDao - save entity: com.mawujun.permission.Menu@761d745d
22:51:27.669 [http-bio-8087-exec-10] DEBUG com.mawujun.repository.hibernate.HibernateDao - delete entity: com.mawujun.permission.Menu@8901e33
22:51:33.660 [http-bio-8087-exec-2] DEBUG com.mawujun.repository.hibernate.HibernateDao - save entity: com.mawujun.permission.Menu@360e68af
22:51:44.683 [http-bio-8087-exec-6] DEBUG com.mawujun.repository.hibernate.HibernateDao - save entity: com.mawujun.permission.Menu@48c2bf1a
22:51:44.722 [http-bio-8087-exec-6] DEBUG com.mawujun.controller.spring.mvc.exception.MappingExceptionResolver - Resolving exception from handler [public com.mawujun.permission.Menu com.mawujun.permission.MenuController.create(com.mawujun.permission.Menu)]: org.hibernate.exception.ConstraintViolationException: could not execute batch
22:51:44.722 [http-bio-8087-exec-6] DEBUG com.mawujun.controller.spring.mvc.exception.MappingExceptionResolver - Resolving to view 'common_error' for exception of type [org.hibernate.exception.ConstraintViolationException], based on exception mapping [org.hibernate.exception.ConstraintViolationException]
22:51:44.722 [http-bio-8087-exec-6] DEBUG com.mawujun.controller.spring.mvc.exception.MappingExceptionResolver - Applying HTTP status code 503
22:51:44.722 [http-bio-8087-exec-6] DEBUG com.mawujun.controller.spring.mvc.exception.MappingExceptionResolver - Exposing Exception as model attribute 'exception'
22:51:44.722 [http-bio-8087-exec-6] INFO  com.mawujun.controller.spring.mvc.exception.MappingExceptionResolver - org.hibernate.exception.ConstraintViolationException: could not execute batch
22:57:39.670 [http-bio-8087-exec-10] DEBUG com.mawujun.permission.MenuRepository.queryByUser - ==>  Preparing: select a.* from t_menu a , t_role_user b,t_role_menu c where a.menuType='menu' and b.role_id=c.role_id and c.menu_id=a.id and a.parent_id is null and b.user_id =? 
22:57:39.670 [http-bio-8087-exec-10] DEBUG com.mawujun.permission.MenuRepository.queryByUser - ==> Parameters: admin(String)
22:57:39.671 [http-bio-8087-exec-10] DEBUG com.mawujun.permission.MenuRepository.queryByUser - <==      Total: 3
22:57:39.672 [http-bio-8087-exec-10] DEBUG com.mawujun.permission.MenuRepository.queryByUser - ==>  Preparing: select a.* from t_menu a , t_role_user b,t_role_menu c where a.menuType='menu' and b.role_id=c.role_id and c.menu_id=a.id and a.parent_id=? and b.user_id =? 
22:57:39.672 [http-bio-8087-exec-10] DEBUG com.mawujun.permission.MenuRepository.queryByUser - ==> Parameters: 1a6a75a5-0720-4388-8d67-345393bba3a2(String), admin(String)
22:57:39.673 [http-bio-8087-exec-10] DEBUG com.mawujun.permission.MenuRepository.queryByUser - <==      Total: 0
22:57:39.673 [http-bio-8087-exec-10] DEBUG com.mawujun.permission.MenuRepository.queryByUser - ==>  Preparing: select a.* from t_menu a , t_role_user b,t_role_menu c where a.menuType='menu' and b.role_id=c.role_id and c.menu_id=a.id and a.parent_id=? and b.user_id =? 
22:57:39.673 [http-bio-8087-exec-10] DEBUG com.mawujun.permission.MenuRepository.queryByUser - ==> Parameters: a49cf606-5dbb-4804-bd0c-63da6f2a03e7(String), admin(String)
22:57:39.674 [http-bio-8087-exec-10] DEBUG com.mawujun.permission.MenuRepository.queryByUser - <==      Total: 0
22:57:39.674 [http-bio-8087-exec-10] DEBUG com.mawujun.permission.MenuRepository.queryByUser - ==>  Preparing: select a.* from t_menu a , t_role_user b,t_role_menu c where a.menuType='menu' and b.role_id=c.role_id and c.menu_id=a.id and a.parent_id=? and b.user_id =? 
22:57:39.675 [http-bio-8087-exec-10] DEBUG com.mawujun.permission.MenuRepository.queryByUser - ==> Parameters: feadcca4-275e-4ffd-80e6-6e559e6ec2f9(String), admin(String)
22:57:39.675 [http-bio-8087-exec-10] DEBUG com.mawujun.permission.MenuRepository.queryByUser - <==      Total: 0
22:57:42.830 [http-bio-8087-exec-7] DEBUG com.mawujun.permission.UserRepository.findPermissions - ==>  Preparing: select c.url from t_role_user a,t_role_menu b,t_menu c where a.role_id=b.role_id and b.menu_id=c.id and a.user_id=? 
22:57:42.830 [http-bio-8087-exec-7] DEBUG com.mawujun.permission.UserRepository.findPermissions - ==> Parameters: admin(String)
22:57:42.831 [http-bio-8087-exec-7] DEBUG com.mawujun.permission.UserRepository.findPermissions - <==      Total: 3
22:58:03.882 [http-bio-8087-exec-10] DEBUG com.mawujun.repository.hibernate.HibernateDao - save entity: com.mawujun.permission.Menu@13d72f76
22:58:03.922 [http-bio-8087-exec-10] DEBUG com.mawujun.controller.spring.mvc.exception.MappingExceptionResolver - Resolving exception from handler [public com.mawujun.permission.Menu com.mawujun.permission.MenuController.create(com.mawujun.permission.Menu)]: org.hibernate.exception.ConstraintViolationException: could not execute batch
22:58:03.922 [http-bio-8087-exec-10] DEBUG com.mawujun.controller.spring.mvc.exception.MappingExceptionResolver - Resolving to view 'common_error' for exception of type [org.hibernate.exception.ConstraintViolationException], based on exception mapping [org.hibernate.exception.ConstraintViolationException]
22:58:03.922 [http-bio-8087-exec-10] DEBUG com.mawujun.controller.spring.mvc.exception.MappingExceptionResolver - Applying HTTP status code 503
22:58:03.922 [http-bio-8087-exec-10] DEBUG com.mawujun.controller.spring.mvc.exception.MappingExceptionResolver - Exposing Exception as model attribute 'exception'
22:58:03.922 [http-bio-8087-exec-10] INFO  com.mawujun.controller.spring.mvc.exception.MappingExceptionResolver - org.hibernate.exception.ConstraintViolationException: could not execute batch
22:58:57.940 [http-bio-8087-exec-6] DEBUG com.mawujun.repository.hibernate.HibernateDao - save entity: com.mawujun.permission.Menu@733564c5
22:58:57.977 [http-bio-8087-exec-6] DEBUG com.mawujun.controller.spring.mvc.exception.MappingExceptionResolver - Resolving exception from handler [public com.mawujun.permission.Menu com.mawujun.permission.MenuController.create(com.mawujun.permission.Menu)]: org.hibernate.exception.ConstraintViolationException: could not execute batch
22:58:57.978 [http-bio-8087-exec-6] DEBUG com.mawujun.controller.spring.mvc.exception.MappingExceptionResolver - Resolving to view 'common_error' for exception of type [org.hibernate.exception.ConstraintViolationException], based on exception mapping [org.hibernate.exception.ConstraintViolationException]
22:58:57.978 [http-bio-8087-exec-6] DEBUG com.mawujun.controller.spring.mvc.exception.MappingExceptionResolver - Applying HTTP status code 503
22:58:57.978 [http-bio-8087-exec-6] DEBUG com.mawujun.controller.spring.mvc.exception.MappingExceptionResolver - Exposing Exception as model attribute 'exception'
22:58:57.978 [http-bio-8087-exec-6] INFO  com.mawujun.controller.spring.mvc.exception.MappingExceptionResolver - org.hibernate.exception.ConstraintViolationException: could not execute batch
23:00:17.215 [http-bio-8087-exec-9] DEBUG com.mawujun.repository.hibernate.HibernateDao - save entity: com.mawujun.permission.Menu@582d824
23:00:30.399 [http-bio-8087-exec-9] DEBUG com.mawujun.repository.hibernate.HibernateDao - delete entity: com.mawujun.permission.Menu@7b780798
23:07:40.642 [localhost-startStop-1] DEBUG com.mawujun.config.DispatcherServletInitializer - No ContextLoaderListener registered, as createRootApplicationContext() did not return an application context
23:07:48.947 [localhost-startStop-1] DEBUG com.mawujun.controller.spring.SpringContextHolder - æ³¨å…¥ApplicationContextåˆ°SpringContextHolder:null
23:08:23.436 [http-bio-8087-exec-4] DEBUG com.mawujun.permission.UserRepository.getByLoginName - ==>  Preparing: select * from t_user a where a.loginName=? 
23:08:23.470 [http-bio-8087-exec-4] DEBUG com.mawujun.permission.UserRepository.getByLoginName - ==> Parameters: admin(String)
23:08:23.508 [http-bio-8087-exec-4] DEBUG com.mawujun.permission.UserRepository.getByLoginName - <==      Total: 1
23:08:23.527 [http-bio-8087-exec-4] DEBUG com.mawujun.permission.UserRepository.findPermissions - ==>  Preparing: select c.url from t_role_user a,t_role_menu b,t_menu c where a.role_id=b.role_id and b.menu_id=c.id and a.user_id=? 
23:08:23.528 [http-bio-8087-exec-4] DEBUG com.mawujun.permission.UserRepository.findPermissions - ==> Parameters: admin(String)
23:08:23.533 [http-bio-8087-exec-4] DEBUG com.mawujun.permission.UserRepository.findPermissions - <==      Total: 3
23:08:23.655 [http-bio-8087-exec-1] INFO  com.mawujun.controller.shiro.ShiroURLPermissionsFilter - å½“å‰è·¯å¾„/main/index.jspåŒ¹é… '/main/**'. æ‰€ä»¥ä¸è¿›è¡Œæƒé™éªŒè¯
23:08:31.246 [http-bio-8087-exec-1] DEBUG com.mawujun.permission.MenuRepository.queryByUser - ==>  Preparing: select a.* from t_menu a , t_role_user b,t_role_menu c where a.menuType='menu' and b.role_id=c.role_id and c.menu_id=a.id and a.parent_id is null and b.user_id =? 
23:08:31.246 [http-bio-8087-exec-1] DEBUG com.mawujun.permission.MenuRepository.queryByUser - ==> Parameters: admin(String)
23:08:31.254 [http-bio-8087-exec-1] DEBUG com.mawujun.permission.MenuRepository.queryByUser - <==      Total: 3
23:08:31.255 [http-bio-8087-exec-1] DEBUG com.mawujun.permission.MenuRepository.queryByUser - ==>  Preparing: select a.* from t_menu a , t_role_user b,t_role_menu c where a.menuType='menu' and b.role_id=c.role_id and c.menu_id=a.id and a.parent_id=? and b.user_id =? 
23:08:31.256 [http-bio-8087-exec-1] DEBUG com.mawujun.permission.MenuRepository.queryByUser - ==> Parameters: 1a6a75a5-0720-4388-8d67-345393bba3a2(String), admin(String)
23:08:31.257 [http-bio-8087-exec-1] DEBUG com.mawujun.permission.MenuRepository.queryByUser - <==      Total: 0
23:08:31.257 [http-bio-8087-exec-1] DEBUG com.mawujun.permission.MenuRepository.queryByUser - ==>  Preparing: select a.* from t_menu a , t_role_user b,t_role_menu c where a.menuType='menu' and b.role_id=c.role_id and c.menu_id=a.id and a.parent_id=? and b.user_id =? 
23:08:31.257 [http-bio-8087-exec-1] DEBUG com.mawujun.permission.MenuRepository.queryByUser - ==> Parameters: a49cf606-5dbb-4804-bd0c-63da6f2a03e7(String), admin(String)
23:08:31.260 [http-bio-8087-exec-1] DEBUG com.mawujun.permission.MenuRepository.queryByUser - <==      Total: 0
23:08:31.262 [http-bio-8087-exec-1] DEBUG com.mawujun.permission.MenuRepository.queryByUser - ==>  Preparing: select a.* from t_menu a , t_role_user b,t_role_menu c where a.menuType='menu' and b.role_id=c.role_id and c.menu_id=a.id and a.parent_id=? and b.user_id =? 
23:08:31.262 [http-bio-8087-exec-1] DEBUG com.mawujun.permission.MenuRepository.queryByUser - ==> Parameters: feadcca4-275e-4ffd-80e6-6e559e6ec2f9(String), admin(String)
23:08:31.263 [http-bio-8087-exec-1] DEBUG com.mawujun.permission.MenuRepository.queryByUser - <==      Total: 0
23:08:56.544 [http-bio-8087-exec-9] DEBUG com.mawujun.repository.hibernate.HibernateDao - save entity: com.mawujun.permission.Menu@49f38fff
23:08:56.648 [http-bio-8087-exec-9] DEBUG com.mawujun.controller.spring.mvc.exception.MappingExceptionResolver - Resolving exception from handler [public com.mawujun.permission.Menu com.mawujun.permission.MenuController.create(com.mawujun.permission.Menu)]: org.hibernate.exception.ConstraintViolationException: could not execute batch
23:08:56.649 [http-bio-8087-exec-9] DEBUG com.mawujun.controller.spring.mvc.exception.MappingExceptionResolver - Resolving to view 'common_error' for exception of type [org.hibernate.exception.ConstraintViolationException], based on exception mapping [org.hibernate.exception.ConstraintViolationException]
23:08:56.649 [http-bio-8087-exec-9] DEBUG com.mawujun.controller.spring.mvc.exception.MappingExceptionResolver - Applying HTTP status code 503
23:08:56.649 [http-bio-8087-exec-9] DEBUG com.mawujun.controller.spring.mvc.exception.MappingExceptionResolver - Exposing Exception as model attribute 'exception'
23:08:56.649 [http-bio-8087-exec-9] INFO  com.mawujun.controller.spring.mvc.exception.MappingExceptionResolver - org.hibernate.exception.ConstraintViolationException: could not execute batch
23:30:20.505 [localhost-startStop-2] DEBUG com.mawujun.controller.spring.SpringContextHolder - æ¸…é™¤SpringContextHolderä¸­çš„ApplicationContext:WebApplicationContext for namespace 'dispatcher-servlet': startup date [Tue Apr 19 23:07:41 CST 2016]; root of context hierarchy
